{"/Users/tina/Documents/alx-backend/src/app.ts": {"path":"/Users/tina/Documents/alx-backend/src/app.ts","statementMap":{"0":{"start":{"line":1,"column":0},"end":{"line":1,"column":30}},"1":{"start":{"line":2,"column":0},"end":{"line":2,"column":28}},"2":{"start":{"line":3,"column":0},"end":{"line":3,"column":33}},"3":{"start":{"line":4,"column":0},"end":{"line":4,"column":24}},"4":{"start":{"line":5,"column":0},"end":{"line":5,"column":28}},"5":{"start":{"line":6,"column":0},"end":{"line":6,"column":57}},"6":{"start":{"line":7,"column":0},"end":{"line":7,"column":66}},"7":{"start":{"line":8,"column":0},"end":{"line":8,"column":60}},"8":{"start":{"line":10,"column":0},"end":{"line":10,"column":16}},"9":{"start":{"line":15,"column":9},"end":{"line":15,"column":51}},"10":{"start":{"line":17,"column":9},"end":{"line":17,"column":60}},"11":{"start":{"line":19,"column":9},"end":{"line":19,"column":54}},"12":{"start":{"line":31,"column":10},"end":{"line":36,"column":4}},"13":{"start":{"line":32,"column":4},"end":{"line":32,"column":27}},"14":{"start":{"line":33,"column":4},"end":{"line":33,"column":25}},"15":{"start":{"line":34,"column":4},"end":{"line":34,"column":33}},"16":{"start":{"line":35,"column":4},"end":{"line":35,"column":32}},"17":{"start":{"line":22,"column":4},"end":{"line":22,"column":25}},"18":{"start":{"line":23,"column":4},"end":{"line":23,"column":18}},"19":{"start":{"line":24,"column":4},"end":{"line":24,"column":37}},"20":{"start":{"line":25,"column":4},"end":{"line":25,"column":40}},"21":{"start":{"line":26,"column":4},"end":{"line":26,"column":38}},"22":{"start":{"line":27,"column":4},"end":{"line":27,"column":37}},"23":{"start":{"line":28,"column":4},"end":{"line":28,"column":65}},"24":{"start":{"line":28,"column":36},"end":{"line":28,"column":63}},"25":{"start":{"line":39,"column":0},"end":{"line":39,"column":29}}},"fnMap":{"0":{"name":"(anonymous_7)","decl":{"start":{"line":21,"column":2},"end":{"line":21,"column":null}},"loc":{"start":{"line":21,"column":2},"end":{"line":29,"column":3}}},"1":{"name":"(anonymous_8)","decl":{"start":{"line":31,"column":19},"end":{"line":31,"column":28}},"loc":{"start":{"line":31,"column":30},"end":{"line":36,"column":3}}},"2":{"name":"(anonymous_9)","decl":{"start":{"line":28,"column":22},"end":{"line":28,"column":23}},"loc":{"start":{"line":28,"column":36},"end":{"line":28,"column":63}}}},"branchMap":{},"s":{"0":2,"1":2,"2":2,"3":2,"4":2,"5":2,"6":2,"7":2,"8":2,"9":2,"10":2,"11":2,"12":2,"13":2,"14":2,"15":2,"16":2,"17":2,"18":2,"19":2,"20":2,"21":2,"22":2,"23":2,"24":1,"25":2},"f":{"0":2,"1":2,"2":1},"b":{}}
,"/Users/tina/Documents/alx-backend/src/config/logger.ts": {"path":"/Users/tina/Documents/alx-backend/src/config/logger.ts","statementMap":{"0":{"start":{"line":1,"column":0},"end":{"line":1,"column":30}},"1":{"start":{"line":2,"column":0},"end":{"line":2,"column":40}},"2":{"start":{"line":15,"column":4},"end":{"line":15,"column":18}},"3":{"start":{"line":16,"column":37},"end":{"line":16,"column":44}},"4":{"start":{"line":17,"column":15},"end":{"line":25,"column":2}},"5":{"start":{"line":26,"column":14},"end":{"line":28,"column":1}},"6":{"start":{"line":27,"column":2},"end":{"line":27,"column":58}},"7":{"start":{"line":29,"column":15},"end":{"line":35,"column":2}},"8":{"start":{"line":37,"column":39},"end":{"line":63,"column":2}},"9":{"start":{"line":60,"column":8},"end":{"line":60,"column":76}},"10":{"start":{"line":65,"column":15},"end":{"line":65,"column":36}},"11":{"start":{"line":66,"column":0},"end":{"line":68,"column":null}},"12":{"start":{"line":67,"column":2},"end":{"line":67,"column":53}},"13":{"start":{"line":70,"column":0},"end":{"line":70,"column":22}}},"fnMap":{"0":{"name":"(anonymous_1)","decl":{"start":{"line":26,"column":14},"end":{"line":26,"column":17}},"loc":{"start":{"line":26,"column":19},"end":{"line":28,"column":1}}},"1":{"name":"(anonymous_2)","decl":{"start":{"line":59,"column":6},"end":{"line":59,"column":7}},"loc":{"start":{"line":60,"column":8},"end":{"line":60,"column":76}}}},"branchMap":{"0":{"loc":{"start":{"line":27,"column":41},"end":{"line":27,"column":48}},"type":"cond-expr","locations":[{"start":{"line":27,"column":41},"end":{"line":27,"column":48}},{"start":{"line":27,"column":51},"end":{"line":27,"column":57}}]},"1":{"loc":{"start":{"line":42,"column":44},"end":{"line":42,"column":51}},"type":"cond-expr","locations":[{"start":{"line":42,"column":44},"end":{"line":42,"column":51}},{"start":{"line":42,"column":54},"end":{"line":42,"column":61}}]},"2":{"loc":{"start":{"line":66,"column":0},"end":{"line":68,"column":null}},"type":"if","locations":[{"start":{"line":66,"column":0},"end":{"line":68,"column":null}},{"start":{"line":66,"column":0},"end":{"line":68,"column":null}}]}},"s":{"0":2,"1":2,"2":2,"3":2,"4":2,"5":2,"6":2,"7":2,"8":2,"9":4,"10":2,"11":2,"12":2,"13":2},"f":{"0":2,"1":4},"b":{"0":[0,2],"1":[0,2],"2":[2,0]}}
,"/Users/tina/Documents/alx-backend/src/config/secrets.ts": {"path":"/Users/tina/Documents/alx-backend/src/config/secrets.ts","statementMap":{"0":{"start":{"line":1,"column":0},"end":{"line":1,"column":28}},"1":{"start":{"line":2,"column":0},"end":{"line":2,"column":20}},"2":{"start":{"line":3,"column":0},"end":{"line":3,"column":30}},"3":{"start":{"line":5,"column":0},"end":{"line":8,"column":null}},"4":{"start":{"line":6,"column":2},"end":{"line":6,"column":73}},"5":{"start":{"line":7,"column":2},"end":{"line":7,"column":34}},"6":{"start":{"line":10,"column":2},"end":{"line":13,"column":null}},"7":{"start":{"line":11,"column":4},"end":{"line":11,"column":50}},"8":{"start":{"line":12,"column":4},"end":{"line":12,"column":27}},"9":{"start":{"line":14,"column":2},"end":{"line":14,"column":16}},"10":{"start":{"line":16,"column":13},"end":{"line":16,"column":48}},"11":{"start":{"line":17,"column":13},"end":{"line":20,"column":2}},"12":{"start":{"line":21,"column":13},"end":{"line":24,"column":2}},"13":{"start":{"line":25,"column":13},"end":{"line":28,"column":2}},"14":{"start":{"line":30,"column":13},"end":{"line":33,"column":2}},"15":{"start":{"line":34,"column":13},"end":{"line":37,"column":2}},"16":{"start":{"line":38,"column":13},"end":{"line":41,"column":2}},"17":{"start":{"line":42,"column":13},"end":{"line":45,"column":2}},"18":{"start":{"line":46,"column":13},"end":{"line":49,"column":2}}},"fnMap":{"0":{"name":"throwIfUndefined","decl":{"start":{"line":9,"column":9},"end":{"line":9,"column":25}},"loc":{"start":{"line":9,"column":65},"end":{"line":15,"column":1}}}},"branchMap":{"0":{"loc":{"start":{"line":5,"column":0},"end":{"line":8,"column":null}},"type":"if","locations":[{"start":{"line":5,"column":0},"end":{"line":8,"column":null}},{"start":{"line":5,"column":0},"end":{"line":8,"column":null}}]},"1":{"loc":{"start":{"line":10,"column":2},"end":{"line":13,"column":null}},"type":"if","locations":[{"start":{"line":10,"column":2},"end":{"line":13,"column":null}},{"start":{"line":10,"column":2},"end":{"line":13,"column":null}}]}},"s":{"0":2,"1":2,"2":2,"3":2,"4":2,"5":2,"6":16,"7":0,"8":0,"9":16,"10":2,"11":2,"12":2,"13":2,"14":2,"15":2,"16":2,"17":2,"18":2},"f":{"0":16},"b":{"0":[2,0],"1":[0,16]}}
,"/Users/tina/Documents/alx-backend/src/db/database.ts": {"path":"/Users/tina/Documents/alx-backend/src/db/database.ts","statementMap":{"0":{"start":{"line":1,"column":0},"end":{"line":1,"column":38}},"1":{"start":{"line":2,"column":0},"end":{"line":2,"column":33}},"2":{"start":{"line":3,"column":0},"end":{"line":3,"column":49}},"3":{"start":{"line":5,"column":0},"end":{"line":5,"column":16}},"4":{"start":{"line":6,"column":18},"end":{"line":6,"column":45}},"5":{"start":{"line":7,"column":0},"end":{"line":7,"column":25}}},"fnMap":{},"branchMap":{},"s":{"0":2,"1":2,"2":2,"3":2,"4":2,"5":2},"f":{},"b":{}}
,"/Users/tina/Documents/alx-backend/src/db/models/bonus.ts": {"path":"/Users/tina/Documents/alx-backend/src/db/models/bonus.ts","statementMap":{"0":{"start":{"line":1,"column":0},"end":{"line":1,"column":38}},"1":{"start":{"line":3,"column":0},"end":{"line":3,"column":36}},"2":{"start":{"line":5,"column":14},"end":{"line":24,"column":null}},"3":{"start":{"line":26,"column":0},"end":{"line":26,"column":21}}},"fnMap":{},"branchMap":{},"s":{"0":2,"1":2,"2":2,"3":2},"f":{},"b":{}}
,"/Users/tina/Documents/alx-backend/src/db/models/service.ts": {"path":"/Users/tina/Documents/alx-backend/src/db/models/service.ts","statementMap":{"0":{"start":{"line":1,"column":0},"end":{"line":1,"column":38}},"1":{"start":{"line":3,"column":0},"end":{"line":3,"column":36}},"2":{"start":{"line":5,"column":16},"end":{"line":24,"column":null}},"3":{"start":{"line":26,"column":0},"end":{"line":26,"column":23}}},"fnMap":{},"branchMap":{},"s":{"0":2,"1":2,"2":2,"3":2},"f":{},"b":{}}
,"/Users/tina/Documents/alx-backend/src/db/models/user.ts": {"path":"/Users/tina/Documents/alx-backend/src/db/models/user.ts","statementMap":{"0":{"start":{"line":1,"column":0},"end":{"line":1,"column":38}},"1":{"start":{"line":3,"column":0},"end":{"line":3,"column":36}},"2":{"start":{"line":5,"column":13},"end":{"line":21,"column":null}},"3":{"start":{"line":23,"column":0},"end":{"line":23,"column":20}}},"fnMap":{},"branchMap":{},"s":{"0":2,"1":2,"2":2,"3":2},"f":{},"b":{}}
,"/Users/tina/Documents/alx-backend/src/helpers/shared/user.helper.ts": {"path":"/Users/tina/Documents/alx-backend/src/helpers/shared/user.helper.ts","statementMap":{"0":{"start":{"line":1,"column":0},"end":{"line":1,"column":67}},"1":{"start":{"line":2,"column":20},"end":{"line":10,"column":2}},"2":{"start":{"line":4,"column":4},"end":{"line":8,"column":null}},"3":{"start":{"line":5,"column":6},"end":{"line":5,"column":47}},"4":{"start":{"line":7,"column":6},"end":{"line":7,"column":15}},"5":{"start":{"line":11,"column":0},"end":{"line":11,"column":27}}},"fnMap":{"0":{"name":"(anonymous_8)","decl":{"start":{"line":3,"column":8},"end":{"line":3,"column":16}},"loc":{"start":{"line":3,"column":40},"end":{"line":9,"column":null}}}},"branchMap":{},"s":{"0":2,"1":2,"2":4,"3":4,"4":0,"5":2},"f":{"0":4},"b":{}}
,"/Users/tina/Documents/alx-backend/src/middleware/auth.middleware.ts": {"path":"/Users/tina/Documents/alx-backend/src/middleware/auth.middleware.ts","statementMap":{"0":{"start":{"line":1,"column":0},"end":{"line":1,"column":31}},"1":{"start":{"line":3,"column":0},"end":{"line":3,"column":55}},"2":{"start":{"line":4,"column":0},"end":{"line":4,"column":70}},"3":{"start":{"line":5,"column":0},"end":{"line":5,"column":47}},"4":{"start":{"line":8,"column":16},"end":{"line":8,"column":42}},"5":{"start":{"line":9,"column":2},"end":{"line":14,"column":6}},"6":{"start":{"line":10,"column":4},"end":{"line":14,"column":6}},"7":{"start":{"line":16,"column":2},"end":{"line":28,"column":null}},"8":{"start":{"line":20,"column":4},"end":{"line":20,"column":45}},"9":{"start":{"line":21,"column":4},"end":{"line":21,"column":18}},"10":{"start":{"line":23,"column":4},"end":{"line":27,"column":6}},"11":{"start":{"line":30,"column":0},"end":{"line":30,"column":20}}},"fnMap":{"0":{"name":"auth","decl":{"start":{"line":7,"column":9},"end":{"line":7,"column":13}},"loc":{"start":{"line":7,"column":61},"end":{"line":29,"column":1}}}},"branchMap":{"0":{"loc":{"start":{"line":9,"column":2},"end":{"line":14,"column":6}},"type":"if","locations":[{"start":{"line":9,"column":2},"end":{"line":14,"column":6}},{"start":{"line":9,"column":2},"end":{"line":14,"column":6}}]}},"s":{"0":2,"1":2,"2":2,"3":2,"4":0,"5":0,"6":0,"7":0,"8":0,"9":0,"10":0,"11":2},"f":{"0":0},"b":{"0":[0,0]}}
,"/Users/tina/Documents/alx-backend/src/modules/auth/controller/auth.controller.ts": {"path":"/Users/tina/Documents/alx-backend/src/modules/auth/controller/auth.controller.ts","statementMap":{"0":{"start":{"line":2,"column":0},"end":{"line":2,"column":76}},"1":{"start":{"line":3,"column":0},"end":{"line":3,"column":61}},"2":{"start":{"line":4,"column":0},"end":{"line":4,"column":50}},"3":{"start":{"line":5,"column":0},"end":{"line":5,"column":31}},"4":{"start":{"line":6,"column":0},"end":{"line":6,"column":62}},"5":{"start":{"line":9,"column":9},"end":{"line":40,"column":4}},"6":{"start":{"line":9,"column":67},"end":{"line":40,"column":4}},"7":{"start":{"line":10,"column":4},"end":{"line":39,"column":null}},"8":{"start":{"line":11,"column":19},"end":{"line":14,"column":8}},"9":{"start":{"line":15,"column":20},"end":{"line":15,"column":50}},"10":{"start":{"line":16,"column":6},"end":{"line":22,"column":10}},"11":{"start":{"line":17,"column":8},"end":{"line":22,"column":10}},"12":{"start":{"line":24,"column":6},"end":{"line":36,"column":8}},"13":{"start":{"line":38,"column":6},"end":{"line":38,"column":54}},"14":{"start":{"line":42,"column":9},"end":{"line":72,"column":4}},"15":{"start":{"line":42,"column":64},"end":{"line":72,"column":4}},"16":{"start":{"line":43,"column":4},"end":{"line":71,"column":null}},"17":{"start":{"line":44,"column":27},"end":{"line":44,"column":76}},"18":{"start":{"line":48,"column":22},"end":{"line":50,"column":null}},"19":{"start":{"line":53,"column":6},"end":{"line":59,"column":null}},"20":{"start":{"line":54,"column":8},"end":{"line":58,"column":10}},"21":{"start":{"line":60,"column":20},"end":{"line":60,"column":58}},"22":{"start":{"line":61,"column":6},"end":{"line":68,"column":8}},"23":{"start":{"line":70,"column":6},"end":{"line":70,"column":54}},"24":{"start":{"line":74,"column":0},"end":{"line":74,"column":30}}},"fnMap":{"0":{"name":"(anonymous_14)","decl":{"start":{"line":8,"column":0},"end":{"line":8,"column":6}},"loc":{"start":{"line":8,"column":0},"end":{"line":73,"column":1}}},"1":{"name":"(anonymous_15)","decl":{"start":{"line":9,"column":24},"end":{"line":9,"column":31}},"loc":{"start":{"line":9,"column":67},"end":{"line":40,"column":4}}},"2":{"name":"(anonymous_16)","decl":{"start":{"line":9,"column":67},"end":{"line":9,"column":null}},"loc":{"start":{"line":9,"column":67},"end":{"line":40,"column":3}}},"3":{"name":"(anonymous_17)","decl":{"start":{"line":42,"column":21},"end":{"line":42,"column":28}},"loc":{"start":{"line":42,"column":64},"end":{"line":72,"column":4}}},"4":{"name":"(anonymous_18)","decl":{"start":{"line":42,"column":64},"end":{"line":42,"column":null}},"loc":{"start":{"line":42,"column":64},"end":{"line":72,"column":3}}}},"branchMap":{"0":{"loc":{"start":{"line":16,"column":6},"end":{"line":22,"column":10}},"type":"if","locations":[{"start":{"line":16,"column":6},"end":{"line":22,"column":10}},{"start":{"line":16,"column":6},"end":{"line":22,"column":10}}]},"1":{"loc":{"start":{"line":53,"column":6},"end":{"line":59,"column":null}},"type":"if","locations":[{"start":{"line":53,"column":6},"end":{"line":59,"column":null}},{"start":{"line":53,"column":6},"end":{"line":59,"column":null}}]}},"s":{"0":2,"1":2,"2":2,"3":2,"4":2,"5":2,"6":2,"7":2,"8":2,"9":2,"10":2,"11":0,"12":2,"13":0,"14":2,"15":1,"16":1,"17":1,"18":1,"19":1,"20":0,"21":1,"22":1,"23":0,"24":2},"f":{"0":2,"1":2,"2":2,"3":1,"4":1},"b":{"0":[0,2],"1":[0,1]}}
,"/Users/tina/Documents/alx-backend/src/modules/auth/middleware/auth.middleware.ts": {"path":"/Users/tina/Documents/alx-backend/src/modules/auth/middleware/auth.middleware.ts","statementMap":{"0":{"start":{"line":2,"column":0},"end":{"line":2,"column":22}},"1":{"start":{"line":4,"column":0},"end":{"line":4,"column":62}},"2":{"start":{"line":5,"column":0},"end":{"line":5,"column":61}},"3":{"start":{"line":6,"column":0},"end":{"line":6,"column":81}},"4":{"start":{"line":20,"column":17},"end":{"line":23,"column":4}},"5":{"start":{"line":24,"column":20},"end":{"line":26,"column":4}},"6":{"start":{"line":27,"column":2},"end":{"line":35,"column":6}},"7":{"start":{"line":28,"column":4},"end":{"line":35,"column":6}},"8":{"start":{"line":31,"column":47},"end":{"line":33,"column":8}},"9":{"start":{"line":36,"column":2},"end":{"line":36,"column":16}},"10":{"start":{"line":43,"column":17},"end":{"line":46,"column":4}},"11":{"start":{"line":47,"column":20},"end":{"line":49,"column":4}},"12":{"start":{"line":50,"column":2},"end":{"line":58,"column":6}},"13":{"start":{"line":51,"column":4},"end":{"line":58,"column":6}},"14":{"start":{"line":54,"column":47},"end":{"line":56,"column":8}},"15":{"start":{"line":59,"column":2},"end":{"line":59,"column":16}},"16":{"start":{"line":73,"column":2},"end":{"line":89,"column":null}},"17":{"start":{"line":74,"column":17},"end":{"line":74,"column":66}},"18":{"start":{"line":75,"column":4},"end":{"line":81,"column":null}},"19":{"start":{"line":76,"column":6},"end":{"line":80,"column":8}},"20":{"start":{"line":82,"column":4},"end":{"line":82,"column":18}},"21":{"start":{"line":84,"column":4},"end":{"line":88,"column":6}},"22":{"start":{"line":96,"column":2},"end":{"line":113,"column":null}},"23":{"start":{"line":97,"column":17},"end":{"line":97,"column":66}},"24":{"start":{"line":99,"column":4},"end":{"line":105,"column":null}},"25":{"start":{"line":100,"column":6},"end":{"line":104,"column":8}},"26":{"start":{"line":106,"column":4},"end":{"line":106,"column":18}},"27":{"start":{"line":108,"column":4},"end":{"line":112,"column":6}},"28":{"start":{"line":116,"column":0},"end":{"line":121,"column":2}}},"fnMap":{"0":{"name":"validateRegister","decl":{"start":{"line":15,"column":15},"end":{"line":15,"column":31}},"loc":{"start":{"line":18,"column":20},"end":{"line":37,"column":null}}},"1":{"name":"(anonymous_10)","decl":{"start":{"line":31,"column":24},"end":{"line":31,"column":25}},"loc":{"start":{"line":31,"column":47},"end":{"line":33,"column":8}}},"2":{"name":"validateLogin","decl":{"start":{"line":38,"column":15},"end":{"line":38,"column":28}},"loc":{"start":{"line":41,"column":20},"end":{"line":60,"column":null}}},"3":{"name":"(anonymous_13)","decl":{"start":{"line":54,"column":24},"end":{"line":54,"column":25}},"loc":{"start":{"line":54,"column":47},"end":{"line":56,"column":8}}},"4":{"name":"checkIfUser","decl":{"start":{"line":68,"column":15},"end":{"line":68,"column":26}},"loc":{"start":{"line":71,"column":20},"end":{"line":90,"column":null}}},"5":{"name":"checkIfAnUnregisteredUser","decl":{"start":{"line":91,"column":15},"end":{"line":91,"column":40}},"loc":{"start":{"line":94,"column":20},"end":{"line":114,"column":null}}}},"branchMap":{"0":{"loc":{"start":{"line":27,"column":2},"end":{"line":35,"column":6}},"type":"if","locations":[{"start":{"line":27,"column":2},"end":{"line":35,"column":6}},{"start":{"line":27,"column":2},"end":{"line":35,"column":6}}]},"1":{"loc":{"start":{"line":50,"column":2},"end":{"line":58,"column":6}},"type":"if","locations":[{"start":{"line":50,"column":2},"end":{"line":58,"column":6}},{"start":{"line":50,"column":2},"end":{"line":58,"column":6}}]},"2":{"loc":{"start":{"line":75,"column":4},"end":{"line":81,"column":null}},"type":"if","locations":[{"start":{"line":75,"column":4},"end":{"line":81,"column":null}},{"start":{"line":75,"column":4},"end":{"line":81,"column":null}}]},"3":{"loc":{"start":{"line":99,"column":4},"end":{"line":105,"column":null}},"type":"if","locations":[{"start":{"line":99,"column":4},"end":{"line":105,"column":null}},{"start":{"line":99,"column":4},"end":{"line":105,"column":null}}]}},"s":{"0":2,"1":2,"2":2,"3":2,"4":2,"5":2,"6":2,"7":0,"8":0,"9":2,"10":1,"11":1,"12":1,"13":0,"14":0,"15":1,"16":1,"17":1,"18":1,"19":0,"20":1,"21":0,"22":2,"23":2,"24":2,"25":0,"26":2,"27":0,"28":2},"f":{"0":2,"1":0,"2":1,"3":0,"4":1,"5":2},"b":{"0":[0,2],"1":[0,1],"2":[0,1],"3":[0,2]}}
,"/Users/tina/Documents/alx-backend/src/modules/auth/route/auth.route.ts": {"path":"/Users/tina/Documents/alx-backend/src/modules/auth/route/auth.route.ts","statementMap":{"0":{"start":{"line":2,"column":0},"end":{"line":2,"column":39}},"1":{"start":{"line":3,"column":0},"end":{"line":3,"column":59}},"2":{"start":{"line":4,"column":0},"end":{"line":4,"column":59}},"3":{"start":{"line":7,"column":9},"end":{"line":7,"column":63}},"4":{"start":{"line":9,"column":9},"end":{"line":24,"column":4}},"5":{"start":{"line":10,"column":4},"end":{"line":16,"column":8}},"6":{"start":{"line":17,"column":4},"end":{"line":23,"column":8}},"7":{"start":{"line":26,"column":0},"end":{"line":26,"column":26}}},"fnMap":{"0":{"name":"(anonymous_1)","decl":{"start":{"line":6,"column":0},"end":{"line":6,"column":6}},"loc":{"start":{"line":6,"column":0},"end":{"line":25,"column":1}}},"1":{"name":"(anonymous_2)","decl":{"start":{"line":9,"column":18},"end":{"line":9,"column":19}},"loc":{"start":{"line":9,"column":45},"end":{"line":24,"column":3}}}},"branchMap":{},"s":{"0":2,"1":2,"2":2,"3":2,"4":2,"5":2,"6":2,"7":2},"f":{"0":2,"1":2},"b":{}}
,"/Users/tina/Documents/alx-backend/src/modules/auth/service/auth.service.ts": {"path":"/Users/tina/Documents/alx-backend/src/modules/auth/service/auth.service.ts","statementMap":{"0":{"start":{"line":1,"column":0},"end":{"line":1,"column":43}},"1":{"start":{"line":5,"column":4},"end":{"line":9,"column":null}},"2":{"start":{"line":6,"column":6},"end":{"line":6,"column":37}},"3":{"start":{"line":8,"column":6},"end":{"line":8,"column":15}},"4":{"start":{"line":12,"column":0},"end":{"line":12,"column":27}}},"fnMap":{"0":{"name":"(anonymous_8)","decl":{"start":{"line":4,"column":9},"end":{"line":4,"column":15}},"loc":{"start":{"line":4,"column":70},"end":{"line":10,"column":null}}}},"branchMap":{},"s":{"0":2,"1":2,"2":2,"3":0,"4":2},"f":{"0":2},"b":{}}
,"/Users/tina/Documents/alx-backend/src/modules/auth/utils/jwt.ts": {"path":"/Users/tina/Documents/alx-backend/src/modules/auth/utils/jwt.ts","statementMap":{"0":{"start":{"line":1,"column":0},"end":{"line":1,"column":31}},"1":{"start":{"line":2,"column":0},"end":{"line":2,"column":28}},"2":{"start":{"line":3,"column":0},"end":{"line":3,"column":50}},"3":{"start":{"line":5,"column":12},"end":{"line":17,"column":2}},"4":{"start":{"line":7,"column":4},"end":{"line":9,"column":7}},"5":{"start":{"line":12,"column":4},"end":{"line":12,"column":37}},"6":{"start":{"line":15,"column":4},"end":{"line":15,"column":44}},"7":{"start":{"line":19,"column":0},"end":{"line":19,"column":19}}},"fnMap":{"0":{"name":"(anonymous_14)","decl":{"start":{"line":6,"column":2},"end":{"line":6,"column":13}},"loc":{"start":{"line":6,"column":24},"end":{"line":10,"column":3}}},"1":{"name":"(anonymous_15)","decl":{"start":{"line":11,"column":8},"end":{"line":11,"column":20}},"loc":{"start":{"line":11,"column":37},"end":{"line":13,"column":null}}},"2":{"name":"(anonymous_17)","decl":{"start":{"line":14,"column":8},"end":{"line":14,"column":23}},"loc":{"start":{"line":14,"column":56},"end":{"line":16,"column":null}}}},"branchMap":{},"s":{"0":2,"1":2,"2":2,"3":2,"4":3,"5":2,"6":1,"7":2},"f":{"0":3,"1":2,"2":1},"b":{}}
,"/Users/tina/Documents/alx-backend/src/modules/bonus/controller/bonus.controller.ts": {"path":"/Users/tina/Documents/alx-backend/src/modules/bonus/controller/bonus.controller.ts","statementMap":{"0":{"start":{"line":2,"column":0},"end":{"line":2,"column":76}},"1":{"start":{"line":3,"column":0},"end":{"line":3,"column":61}},"2":{"start":{"line":4,"column":0},"end":{"line":4,"column":52}},"3":{"start":{"line":7,"column":9},"end":{"line":36,"column":4}},"4":{"start":{"line":7,"column":65},"end":{"line":36,"column":4}},"5":{"start":{"line":8,"column":4},"end":{"line":35,"column":null}},"6":{"start":{"line":9,"column":20},"end":{"line":12,"column":8}},"7":{"start":{"line":13,"column":6},"end":{"line":18,"column":10}},"8":{"start":{"line":14,"column":8},"end":{"line":18,"column":10}},"9":{"start":{"line":20,"column":6},"end":{"line":32,"column":8}},"10":{"start":{"line":34,"column":6},"end":{"line":34,"column":54}},"11":{"start":{"line":38,"column":0},"end":{"line":38,"column":31}}},"fnMap":{"0":{"name":"(anonymous_14)","decl":{"start":{"line":6,"column":0},"end":{"line":6,"column":6}},"loc":{"start":{"line":6,"column":0},"end":{"line":37,"column":1}}},"1":{"name":"(anonymous_15)","decl":{"start":{"line":7,"column":23},"end":{"line":7,"column":30}},"loc":{"start":{"line":7,"column":65},"end":{"line":36,"column":4}}},"2":{"name":"(anonymous_16)","decl":{"start":{"line":7,"column":65},"end":{"line":7,"column":null}},"loc":{"start":{"line":7,"column":65},"end":{"line":36,"column":3}}}},"branchMap":{"0":{"loc":{"start":{"line":13,"column":6},"end":{"line":18,"column":10}},"type":"if","locations":[{"start":{"line":13,"column":6},"end":{"line":18,"column":10}},{"start":{"line":13,"column":6},"end":{"line":18,"column":10}}]}},"s":{"0":2,"1":2,"2":2,"3":2,"4":0,"5":0,"6":0,"7":0,"8":0,"9":0,"10":0,"11":2},"f":{"0":2,"1":0,"2":0},"b":{"0":[0,0]}}
,"/Users/tina/Documents/alx-backend/src/modules/bonus/middleware/bonus.middleware.ts": {"path":"/Users/tina/Documents/alx-backend/src/modules/bonus/middleware/bonus.middleware.ts","statementMap":{"0":{"start":{"line":2,"column":0},"end":{"line":2,"column":44}},"1":{"start":{"line":3,"column":0},"end":{"line":3,"column":61}},"2":{"start":{"line":4,"column":0},"end":{"line":4,"column":76}},"3":{"start":{"line":5,"column":0},"end":{"line":5,"column":67}},"4":{"start":{"line":6,"column":0},"end":{"line":6,"column":52}},"5":{"start":{"line":20,"column":2},"end":{"line":35,"column":null}},"6":{"start":{"line":21,"column":20},"end":{"line":22,"column":null}},"7":{"start":{"line":25,"column":4},"end":{"line":31,"column":null}},"8":{"start":{"line":26,"column":6},"end":{"line":30,"column":8}},"9":{"start":{"line":32,"column":4},"end":{"line":32,"column":18}},"10":{"start":{"line":34,"column":4},"end":{"line":34,"column":52}},"11":{"start":{"line":43,"column":2},"end":{"line":60,"column":null}},"12":{"start":{"line":44,"column":20},"end":{"line":47,"column":6}},"13":{"start":{"line":48,"column":4},"end":{"line":48,"column":25}},"14":{"start":{"line":50,"column":4},"end":{"line":56,"column":null}},"15":{"start":{"line":51,"column":6},"end":{"line":55,"column":8}},"16":{"start":{"line":57,"column":4},"end":{"line":57,"column":18}},"17":{"start":{"line":59,"column":4},"end":{"line":59,"column":52}},"18":{"start":{"line":63,"column":0},"end":{"line":66,"column":2}}},"fnMap":{"0":{"name":"checkIfServiceExists","decl":{"start":{"line":15,"column":15},"end":{"line":15,"column":35}},"loc":{"start":{"line":18,"column":20},"end":{"line":36,"column":null}}},"1":{"name":"checkIfUserHasRedeemedTheServiceBonus","decl":{"start":{"line":38,"column":15},"end":{"line":38,"column":52}},"loc":{"start":{"line":41,"column":20},"end":{"line":61,"column":null}}}},"branchMap":{"0":{"loc":{"start":{"line":25,"column":4},"end":{"line":31,"column":null}},"type":"if","locations":[{"start":{"line":25,"column":4},"end":{"line":31,"column":null}},{"start":{"line":25,"column":4},"end":{"line":31,"column":null}}]},"1":{"loc":{"start":{"line":50,"column":4},"end":{"line":56,"column":null}},"type":"if","locations":[{"start":{"line":50,"column":4},"end":{"line":56,"column":null}},{"start":{"line":50,"column":4},"end":{"line":56,"column":null}}]}},"s":{"0":2,"1":2,"2":2,"3":2,"4":2,"5":0,"6":0,"7":0,"8":0,"9":0,"10":0,"11":0,"12":0,"13":0,"14":0,"15":0,"16":0,"17":0,"18":2},"f":{"0":0,"1":0},"b":{"0":[0,0],"1":[0,0]}}
,"/Users/tina/Documents/alx-backend/src/modules/bonus/route/bonus.route.ts": {"path":"/Users/tina/Documents/alx-backend/src/modules/bonus/route/bonus.route.ts","statementMap":{"0":{"start":{"line":2,"column":0},"end":{"line":2,"column":55}},"1":{"start":{"line":3,"column":0},"end":{"line":3,"column":39}},"2":{"start":{"line":4,"column":0},"end":{"line":4,"column":61}},"3":{"start":{"line":5,"column":0},"end":{"line":5,"column":61}},"4":{"start":{"line":8,"column":9},"end":{"line":8,"column":66}},"5":{"start":{"line":10,"column":9},"end":{"line":19,"column":4}},"6":{"start":{"line":11,"column":4},"end":{"line":18,"column":8}},"7":{"start":{"line":21,"column":0},"end":{"line":21,"column":27}}},"fnMap":{"0":{"name":"(anonymous_1)","decl":{"start":{"line":7,"column":0},"end":{"line":7,"column":6}},"loc":{"start":{"line":7,"column":0},"end":{"line":20,"column":1}}},"1":{"name":"(anonymous_2)","decl":{"start":{"line":10,"column":18},"end":{"line":10,"column":19}},"loc":{"start":{"line":10,"column":45},"end":{"line":19,"column":3}}}},"branchMap":{},"s":{"0":2,"1":2,"2":2,"3":2,"4":2,"5":2,"6":2,"7":2},"f":{"0":2,"1":2},"b":{}}
,"/Users/tina/Documents/alx-backend/src/modules/bonus/service/bonus.service.ts": {"path":"/Users/tina/Documents/alx-backend/src/modules/bonus/service/bonus.service.ts","statementMap":{"0":{"start":{"line":1,"column":0},"end":{"line":1,"column":45}},"1":{"start":{"line":5,"column":4},"end":{"line":9,"column":null}},"2":{"start":{"line":6,"column":6},"end":{"line":6,"column":38}},"3":{"start":{"line":8,"column":6},"end":{"line":8,"column":19}},"4":{"start":{"line":16,"column":4},"end":{"line":20,"column":null}},"5":{"start":{"line":17,"column":6},"end":{"line":17,"column":50}},"6":{"start":{"line":19,"column":6},"end":{"line":19,"column":15}},"7":{"start":{"line":23,"column":0},"end":{"line":23,"column":28}}},"fnMap":{"0":{"name":"(anonymous_8)","decl":{"start":{"line":4,"column":9},"end":{"line":4,"column":15}},"loc":{"start":{"line":4,"column":72},"end":{"line":10,"column":null}}},"1":{"name":"(anonymous_10)","decl":{"start":{"line":12,"column":9},"end":{"line":12,"column":15}},"loc":{"start":{"line":15,"column":3},"end":{"line":21,"column":null}}}},"branchMap":{},"s":{"0":2,"1":0,"2":0,"3":0,"4":0,"5":0,"6":0,"7":2},"f":{"0":0,"1":0},"b":{}}
,"/Users/tina/Documents/alx-backend/src/modules/service/controller/service.controller.ts": {"path":"/Users/tina/Documents/alx-backend/src/modules/service/controller/service.controller.ts","statementMap":{"0":{"start":{"line":2,"column":0},"end":{"line":2,"column":76}},"1":{"start":{"line":3,"column":0},"end":{"line":3,"column":61}},"2":{"start":{"line":4,"column":0},"end":{"line":4,"column":56}},"3":{"start":{"line":5,"column":0},"end":{"line":5,"column":52}},"4":{"start":{"line":8,"column":9},"end":{"line":39,"column":4}},"5":{"start":{"line":8,"column":68},"end":{"line":39,"column":4}},"6":{"start":{"line":9,"column":4},"end":{"line":38,"column":null}},"7":{"start":{"line":10,"column":22},"end":{"line":14,"column":8}},"8":{"start":{"line":15,"column":6},"end":{"line":20,"column":10}},"9":{"start":{"line":16,"column":8},"end":{"line":20,"column":10}},"10":{"start":{"line":22,"column":6},"end":{"line":35,"column":8}},"11":{"start":{"line":37,"column":6},"end":{"line":37,"column":54}},"12":{"start":{"line":41,"column":9},"end":{"line":62,"column":4}},"13":{"start":{"line":41,"column":65},"end":{"line":62,"column":4}},"14":{"start":{"line":42,"column":4},"end":{"line":61,"column":null}},"15":{"start":{"line":43,"column":23},"end":{"line":43,"column":49}},"16":{"start":{"line":44,"column":6},"end":{"line":49,"column":10}},"17":{"start":{"line":45,"column":8},"end":{"line":49,"column":10}},"18":{"start":{"line":51,"column":6},"end":{"line":58,"column":8}},"19":{"start":{"line":60,"column":6},"end":{"line":60,"column":54}},"20":{"start":{"line":67,"column":9},"end":{"line":85,"column":4}},"21":{"start":{"line":67,"column":68},"end":{"line":85,"column":4}},"22":{"start":{"line":68,"column":4},"end":{"line":84,"column":null}},"23":{"start":{"line":69,"column":23},"end":{"line":69,"column":63}},"24":{"start":{"line":70,"column":6},"end":{"line":76,"column":10}},"25":{"start":{"line":71,"column":8},"end":{"line":76,"column":10}},"26":{"start":{"line":77,"column":6},"end":{"line":81,"column":8}},"27":{"start":{"line":83,"column":6},"end":{"line":83,"column":54}},"28":{"start":{"line":87,"column":0},"end":{"line":87,"column":33}}},"fnMap":{"0":{"name":"(anonymous_14)","decl":{"start":{"line":7,"column":0},"end":{"line":7,"column":6}},"loc":{"start":{"line":7,"column":0},"end":{"line":86,"column":1}}},"1":{"name":"(anonymous_15)","decl":{"start":{"line":8,"column":25},"end":{"line":8,"column":32}},"loc":{"start":{"line":8,"column":68},"end":{"line":39,"column":4}}},"2":{"name":"(anonymous_16)","decl":{"start":{"line":8,"column":68},"end":{"line":8,"column":null}},"loc":{"start":{"line":8,"column":68},"end":{"line":39,"column":3}}},"3":{"name":"(anonymous_17)","decl":{"start":{"line":41,"column":23},"end":{"line":41,"column":30}},"loc":{"start":{"line":41,"column":65},"end":{"line":62,"column":4}}},"4":{"name":"(anonymous_18)","decl":{"start":{"line":41,"column":65},"end":{"line":41,"column":null}},"loc":{"start":{"line":41,"column":65},"end":{"line":62,"column":3}}},"5":{"name":"(anonymous_19)","decl":{"start":{"line":67,"column":25},"end":{"line":67,"column":32}},"loc":{"start":{"line":67,"column":68},"end":{"line":85,"column":4}}},"6":{"name":"(anonymous_20)","decl":{"start":{"line":67,"column":68},"end":{"line":67,"column":null}},"loc":{"start":{"line":67,"column":68},"end":{"line":85,"column":3}}}},"branchMap":{"0":{"loc":{"start":{"line":15,"column":6},"end":{"line":20,"column":10}},"type":"if","locations":[{"start":{"line":15,"column":6},"end":{"line":20,"column":10}},{"start":{"line":15,"column":6},"end":{"line":20,"column":10}}]},"1":{"loc":{"start":{"line":44,"column":6},"end":{"line":49,"column":10}},"type":"if","locations":[{"start":{"line":44,"column":6},"end":{"line":49,"column":10}},{"start":{"line":44,"column":6},"end":{"line":49,"column":10}}]},"2":{"loc":{"start":{"line":70,"column":6},"end":{"line":76,"column":10}},"type":"if","locations":[{"start":{"line":70,"column":6},"end":{"line":76,"column":10}},{"start":{"line":70,"column":6},"end":{"line":76,"column":10}}]}},"s":{"0":2,"1":2,"2":2,"3":2,"4":2,"5":0,"6":0,"7":0,"8":0,"9":0,"10":0,"11":0,"12":2,"13":0,"14":0,"15":0,"16":0,"17":0,"18":0,"19":0,"20":2,"21":0,"22":0,"23":0,"24":0,"25":0,"26":0,"27":0,"28":2},"f":{"0":2,"1":0,"2":0,"3":0,"4":0,"5":0,"6":0},"b":{"0":[0,0],"1":[0,0],"2":[0,0]}}
,"/Users/tina/Documents/alx-backend/src/modules/service/middleware/service.middleware.ts": {"path":"/Users/tina/Documents/alx-backend/src/modules/service/middleware/service.middleware.ts","statementMap":{"0":{"start":{"line":2,"column":0},"end":{"line":2,"column":22}},"1":{"start":{"line":3,"column":0},"end":{"line":3,"column":61}},"2":{"start":{"line":4,"column":0},"end":{"line":4,"column":81}},"3":{"start":{"line":18,"column":17},"end":{"line":21,"column":4}},"4":{"start":{"line":22,"column":20},"end":{"line":24,"column":4}},"5":{"start":{"line":25,"column":2},"end":{"line":33,"column":6}},"6":{"start":{"line":26,"column":4},"end":{"line":33,"column":6}},"7":{"start":{"line":29,"column":47},"end":{"line":31,"column":8}},"8":{"start":{"line":34,"column":2},"end":{"line":34,"column":16}},"9":{"start":{"line":37,"column":0},"end":{"line":39,"column":2}}},"fnMap":{"0":{"name":"validateCreateService","decl":{"start":{"line":13,"column":15},"end":{"line":13,"column":36}},"loc":{"start":{"line":16,"column":20},"end":{"line":35,"column":null}}},"1":{"name":"(anonymous_10)","decl":{"start":{"line":29,"column":24},"end":{"line":29,"column":25}},"loc":{"start":{"line":29,"column":47},"end":{"line":31,"column":8}}}},"branchMap":{"0":{"loc":{"start":{"line":25,"column":2},"end":{"line":33,"column":6}},"type":"if","locations":[{"start":{"line":25,"column":2},"end":{"line":33,"column":6}},{"start":{"line":25,"column":2},"end":{"line":33,"column":6}}]}},"s":{"0":2,"1":2,"2":2,"3":0,"4":0,"5":0,"6":0,"7":0,"8":0,"9":2},"f":{"0":0,"1":0},"b":{"0":[0,0]}}
,"/Users/tina/Documents/alx-backend/src/modules/service/route/service.route.ts": {"path":"/Users/tina/Documents/alx-backend/src/modules/service/route/service.route.ts","statementMap":{"0":{"start":{"line":2,"column":0},"end":{"line":2,"column":55}},"1":{"start":{"line":3,"column":0},"end":{"line":3,"column":39}},"2":{"start":{"line":4,"column":0},"end":{"line":4,"column":65}},"3":{"start":{"line":5,"column":0},"end":{"line":5,"column":65}},"4":{"start":{"line":8,"column":9},"end":{"line":8,"column":72}},"5":{"start":{"line":10,"column":9},"end":{"line":24,"column":4}},"6":{"start":{"line":11,"column":4},"end":{"line":17,"column":8}},"7":{"start":{"line":18,"column":4},"end":{"line":20,"column":53}},"8":{"start":{"line":21,"column":4},"end":{"line":23,"column":56}},"9":{"start":{"line":26,"column":0},"end":{"line":26,"column":29}}},"fnMap":{"0":{"name":"(anonymous_1)","decl":{"start":{"line":7,"column":0},"end":{"line":7,"column":6}},"loc":{"start":{"line":7,"column":0},"end":{"line":25,"column":1}}},"1":{"name":"(anonymous_2)","decl":{"start":{"line":10,"column":18},"end":{"line":10,"column":19}},"loc":{"start":{"line":10,"column":45},"end":{"line":24,"column":3}}}},"branchMap":{},"s":{"0":2,"1":2,"2":2,"3":2,"4":2,"5":2,"6":2,"7":2,"8":2,"9":2},"f":{"0":2,"1":2},"b":{}}
,"/Users/tina/Documents/alx-backend/src/modules/service/service/service.service.ts": {"path":"/Users/tina/Documents/alx-backend/src/modules/service/service/service.service.ts","statementMap":{"0":{"start":{"line":1,"column":0},"end":{"line":1,"column":34}},"1":{"start":{"line":2,"column":0},"end":{"line":2,"column":49}},"2":{"start":{"line":4,"column":15},"end":{"line":4,"column":24}},"3":{"start":{"line":12,"column":4},"end":{"line":16,"column":null}},"4":{"start":{"line":13,"column":6},"end":{"line":13,"column":40}},"5":{"start":{"line":15,"column":6},"end":{"line":15,"column":19}},"6":{"start":{"line":20,"column":4},"end":{"line":24,"column":null}},"7":{"start":{"line":21,"column":6},"end":{"line":21,"column":37}},"8":{"start":{"line":23,"column":6},"end":{"line":23,"column":19}},"9":{"start":{"line":28,"column":4},"end":{"line":32,"column":null}},"10":{"start":{"line":29,"column":6},"end":{"line":29,"column":40}},"11":{"start":{"line":31,"column":6},"end":{"line":31,"column":19}},"12":{"start":{"line":39,"column":4},"end":{"line":47,"column":null}},"13":{"start":{"line":40,"column":6},"end":{"line":44,"column":9}},"14":{"start":{"line":46,"column":6},"end":{"line":46,"column":19}},"15":{"start":{"line":50,"column":0},"end":{"line":50,"column":30}}},"fnMap":{"0":{"name":"(anonymous_8)","decl":{"start":{"line":7,"column":9},"end":{"line":7,"column":15}},"loc":{"start":{"line":11,"column":3},"end":{"line":17,"column":null}}},"1":{"name":"(anonymous_10)","decl":{"start":{"line":19,"column":9},"end":{"line":19,"column":15}},"loc":{"start":{"line":19,"column":25},"end":{"line":25,"column":null}}},"2":{"name":"(anonymous_12)","decl":{"start":{"line":27,"column":9},"end":{"line":27,"column":15}},"loc":{"start":{"line":27,"column":39},"end":{"line":33,"column":null}}},"3":{"name":"(anonymous_14)","decl":{"start":{"line":38,"column":9},"end":{"line":38,"column":15}},"loc":{"start":{"line":38,"column":38},"end":{"line":48,"column":null}}}},"branchMap":{},"s":{"0":2,"1":2,"2":2,"3":0,"4":0,"5":0,"6":0,"7":0,"8":0,"9":0,"10":0,"11":0,"12":0,"13":0,"14":0,"15":2},"f":{"0":0,"1":0,"2":0,"3":0},"b":{}}
,"/Users/tina/Documents/alx-backend/src/modules/service/utils/service.helper.ts": {"path":"/Users/tina/Documents/alx-backend/src/modules/service/utils/service.helper.ts","statementMap":{"0":{"start":{"line":1,"column":0},"end":{"line":1,"column":28}},"1":{"start":{"line":3,"column":22},"end":{"line":7,"column":2}},"2":{"start":{"line":5,"column":4},"end":{"line":5,"column":54}},"3":{"start":{"line":9,"column":0},"end":{"line":9,"column":29}}},"fnMap":{"0":{"name":"(anonymous_1)","decl":{"start":{"line":4,"column":2},"end":{"line":4,"column":19}},"loc":{"start":{"line":4,"column":34},"end":{"line":6,"column":3}}}},"branchMap":{},"s":{"0":2,"1":2,"2":0,"3":2},"f":{"0":0},"b":{}}
,"/Users/tina/Documents/alx-backend/src/modules/user/service/user.service.ts": {"path":"/Users/tina/Documents/alx-backend/src/modules/user/service/user.service.ts","statementMap":{"0":{"start":{"line":2,"column":0},"end":{"line":2,"column":43}},"1":{"start":{"line":6,"column":4},"end":{"line":10,"column":null}},"2":{"start":{"line":7,"column":6},"end":{"line":7,"column":49}},"3":{"start":{"line":9,"column":6},"end":{"line":9,"column":15}},"4":{"start":{"line":4,"column":0},"end":{"line":4,"column":21}}},"fnMap":{"0":{"name":"(anonymous_8)","decl":{"start":{"line":5,"column":9},"end":{"line":5,"column":15}},"loc":{"start":{"line":5,"column":54},"end":{"line":11,"column":null}}}},"branchMap":{},"s":{"0":2,"1":4,"2":4,"3":0,"4":2},"f":{"0":4},"b":{}}
,"/Users/tina/Documents/alx-backend/src/utils/responseHandler.ts": {"path":"/Users/tina/Documents/alx-backend/src/utils/responseHandler.ts","statementMap":{"0":{"start":{"line":6,"column":4},"end":{"line":6,"column":67}},"1":{"start":{"line":15,"column":4},"end":{"line":15,"column":74}},"2":{"start":{"line":24,"column":4},"end":{"line":24,"column":72}},"3":{"start":{"line":28,"column":4},"end":{"line":30,"column":65}},"4":{"start":{"line":4,"column":0},"end":{"line":4,"column":21}}},"fnMap":{"0":{"name":"(anonymous_0)","decl":{"start":{"line":5,"column":2},"end":{"line":5,"column":8}},"loc":{"start":{"line":5,"column":73},"end":{"line":7,"column":3}}},"1":{"name":"(anonymous_1)","decl":{"start":{"line":9,"column":2},"end":{"line":9,"column":8}},"loc":{"start":{"line":13,"column":19},"end":{"line":16,"column":3}}},"2":{"name":"(anonymous_2)","decl":{"start":{"line":18,"column":2},"end":{"line":18,"column":8}},"loc":{"start":{"line":22,"column":13},"end":{"line":25,"column":3}}},"3":{"name":"(anonymous_3)","decl":{"start":{"line":27,"column":2},"end":{"line":27,"column":8}},"loc":{"start":{"line":27,"column":42},"end":{"line":31,"column":3}}}},"branchMap":{"0":{"loc":{"start":{"line":21,"column":14},"end":{"line":21,"column":16}},"type":"default-arg","locations":[{"start":{"line":21,"column":14},"end":{"line":21,"column":16}}]}},"s":{"0":0,"1":0,"2":3,"3":0,"4":2},"f":{"0":0,"1":0,"2":3,"3":0},"b":{"0":[0]}}
,"/Users/tina/Documents/alx-backend/src/utils/urls.ts": {"path":"/Users/tina/Documents/alx-backend/src/utils/urls.ts","statementMap":{"0":{"start":{"line":1,"column":17},"end":{"line":1,"column":30}},"1":{"start":{"line":2,"column":13},"end":{"line":6,"column":2}},"2":{"start":{"line":7,"column":0},"end":{"line":7,"column":20}}},"fnMap":{},"branchMap":{},"s":{"0":2,"1":2,"2":2},"f":{},"b":{}}
,"/Users/tina/Documents/alx-backend/src/utils/status-codes/http-status-codes.ts": {"path":"/Users/tina/Documents/alx-backend/src/utils/status-codes/http-status-codes.ts","statementMap":{"0":{"start":{"line":1,"column":13},"end":{"line":1,"column":34}},"1":{"start":{"line":2,"column":13},"end":{"line":2,"column":27}},"2":{"start":{"line":3,"column":13},"end":{"line":3,"column":37}},"3":{"start":{"line":4,"column":13},"end":{"line":4,"column":36}},"4":{"start":{"line":5,"column":13},"end":{"line":5,"column":34}},"5":{"start":{"line":6,"column":13},"end":{"line":6,"column":33}},"6":{"start":{"line":7,"column":13},"end":{"line":7,"column":46}},"7":{"start":{"line":8,"column":13},"end":{"line":8,"column":32}}},"fnMap":{},"branchMap":{},"s":{"0":2,"1":2,"2":2,"3":2,"4":2,"5":2,"6":2,"7":2},"f":{},"b":{}}
}
