TN:
SF:src/app.ts
FN:21,(anonymous_7)
FN:31,(anonymous_8)
FN:28,(anonymous_9)
FNF:3
FNH:3
FNDA:3,(anonymous_7)
FNDA:3,(anonymous_8)
FNDA:1,(anonymous_9)
DA:1,3
DA:2,3
DA:3,3
DA:4,3
DA:5,3
DA:6,3
DA:7,3
DA:8,3
DA:10,3
DA:15,3
DA:17,3
DA:19,3
DA:22,3
DA:23,3
DA:24,3
DA:25,3
DA:26,3
DA:27,3
DA:28,3
DA:31,3
DA:32,3
DA:33,3
DA:34,3
DA:35,3
DA:39,3
LF:25
LH:25
BRF:0
BRH:0
end_of_record
TN:
SF:src/config/logger.ts
FN:26,(anonymous_1)
FN:59,(anonymous_2)
FNF:2
FNH:2
FNDA:3,(anonymous_1)
FNDA:6,(anonymous_2)
DA:1,3
DA:2,3
DA:15,3
DA:16,3
DA:17,3
DA:26,3
DA:27,3
DA:29,3
DA:37,3
DA:60,6
DA:65,3
DA:66,3
DA:67,3
DA:70,3
LF:14
LH:14
BRDA:27,0,0,0
BRDA:27,0,1,3
BRDA:42,1,0,0
BRDA:42,1,1,3
BRDA:66,2,0,3
BRDA:66,2,1,0
BRF:6
BRH:3
end_of_record
TN:
SF:src/config/secrets.ts
FN:9,throwIfUndefined
FNF:1
FNH:1
FNDA:24,throwIfUndefined
DA:1,3
DA:2,3
DA:3,3
DA:5,3
DA:6,3
DA:7,3
DA:10,24
DA:11,0
DA:12,0
DA:14,24
DA:16,3
DA:17,3
DA:21,3
DA:25,3
DA:30,3
DA:34,3
DA:38,3
DA:42,3
DA:46,3
LF:19
LH:17
BRDA:5,0,0,3
BRDA:5,0,1,0
BRDA:10,1,0,0
BRDA:10,1,1,24
BRF:4
BRH:2
end_of_record
TN:
SF:src/db/database.ts
FNF:0
FNH:0
DA:1,3
DA:2,3
DA:3,3
DA:5,3
DA:6,3
DA:7,3
LF:6
LH:6
BRF:0
BRH:0
end_of_record
TN:
SF:src/db/models/bonus.ts
FNF:0
FNH:0
DA:1,3
DA:3,3
DA:5,3
DA:26,3
LF:4
LH:4
BRF:0
BRH:0
end_of_record
TN:
SF:src/db/models/service.ts
FNF:0
FNH:0
DA:1,3
DA:3,3
DA:5,3
DA:26,3
LF:4
LH:4
BRF:0
BRH:0
end_of_record
TN:
SF:src/db/models/user.ts
FNF:0
FNH:0
DA:1,3
DA:3,3
DA:5,3
DA:23,3
LF:4
LH:4
BRF:0
BRH:0
end_of_record
TN:
SF:src/helpers/shared/user.helper.ts
FN:3,(anonymous_8)
FNF:1
FNH:1
FNDA:4,(anonymous_8)
DA:1,3
DA:2,3
DA:4,4
DA:5,4
DA:7,0
DA:11,3
LF:6
LH:5
BRF:0
BRH:0
end_of_record
TN:
SF:src/middleware/auth.middleware.ts
FN:7,auth
FNF:1
FNH:0
FNDA:0,auth
DA:1,3
DA:3,3
DA:4,3
DA:5,3
DA:8,0
DA:9,0
DA:10,0
DA:16,0
DA:20,0
DA:21,0
DA:23,0
DA:30,3
LF:12
LH:5
BRDA:9,0,0,0
BRDA:9,0,1,0
BRF:2
BRH:0
end_of_record
TN:
SF:src/modules/auth/controller/auth.controller.ts
FN:8,(anonymous_14)
FN:9,(anonymous_15)
FN:9,(anonymous_16)
FN:42,(anonymous_17)
FN:42,(anonymous_18)
FNF:5
FNH:3
FNDA:3,(anonymous_14)
FNDA:2,(anonymous_15)
FNDA:2,(anonymous_16)
FNDA:0,(anonymous_17)
FNDA:0,(anonymous_18)
DA:2,3
DA:3,3
DA:4,3
DA:5,3
DA:6,3
DA:9,3
DA:10,2
DA:11,2
DA:15,2
DA:16,2
DA:17,0
DA:24,2
DA:38,0
DA:42,3
DA:43,0
DA:44,0
DA:48,0
DA:53,0
DA:54,0
DA:60,0
DA:61,0
DA:70,0
DA:74,3
LF:23
LH:13
BRDA:16,0,0,0
BRDA:16,0,1,2
BRDA:53,1,0,0
BRDA:53,1,1,0
BRF:4
BRH:1
end_of_record
TN:
SF:src/modules/auth/middleware/auth.middleware.ts
FN:15,validateRegister
FN:31,(anonymous_10)
FN:38,validateLogin
FN:54,(anonymous_13)
FN:68,checkIfUser
FN:91,checkIfAnUnregisteredUser
FNF:6
FNH:5
FNDA:7,validateRegister
FNDA:3,(anonymous_10)
FNDA:6,validateLogin
FNDA:6,(anonymous_13)
FNDA:0,checkIfUser
FNDA:4,checkIfAnUnregisteredUser
DA:2,3
DA:4,3
DA:5,3
DA:6,3
DA:20,7
DA:24,7
DA:27,7
DA:28,3
DA:31,3
DA:36,4
DA:43,6
DA:47,6
DA:50,6
DA:51,6
DA:54,6
DA:59,0
DA:73,0
DA:74,0
DA:75,0
DA:76,0
DA:82,0
DA:84,0
DA:96,4
DA:97,4
DA:99,4
DA:100,2
DA:106,2
DA:108,0
DA:116,3
LF:29
LH:21
BRDA:27,0,0,3
BRDA:27,0,1,4
BRDA:50,1,0,6
BRDA:50,1,1,0
BRDA:75,2,0,0
BRDA:75,2,1,0
BRDA:99,3,0,2
BRDA:99,3,1,2
BRF:8
BRH:5
end_of_record
TN:
SF:src/modules/auth/route/auth.route.ts
FN:6,(anonymous_1)
FN:9,(anonymous_2)
FNF:2
FNH:2
FNDA:3,(anonymous_1)
FNDA:3,(anonymous_2)
DA:2,3
DA:3,3
DA:4,3
DA:7,3
DA:9,3
DA:10,3
DA:17,3
DA:26,3
LF:8
LH:8
BRF:0
BRH:0
end_of_record
TN:
SF:src/modules/auth/service/auth.service.ts
FN:4,(anonymous_8)
FNF:1
FNH:1
FNDA:2,(anonymous_8)
DA:1,3
DA:5,2
DA:6,2
DA:8,0
DA:12,3
LF:5
LH:4
BRF:0
BRH:0
end_of_record
TN:
SF:src/modules/auth/utils/jwt.ts
FN:6,(anonymous_14)
FN:11,(anonymous_15)
FN:14,(anonymous_17)
FNF:3
FNH:2
FNDA:2,(anonymous_14)
FNDA:2,(anonymous_15)
FNDA:0,(anonymous_17)
DA:1,3
DA:2,3
DA:3,3
DA:5,3
DA:7,2
DA:12,2
DA:15,0
DA:19,3
LF:8
LH:7
BRF:0
BRH:0
end_of_record
TN:
SF:src/modules/bonus/controller/bonus.controller.ts
FN:6,(anonymous_14)
FN:7,(anonymous_15)
FN:7,(anonymous_16)
FNF:3
FNH:1
FNDA:3,(anonymous_14)
FNDA:0,(anonymous_15)
FNDA:0,(anonymous_16)
DA:2,3
DA:3,3
DA:4,3
DA:7,3
DA:8,0
DA:9,0
DA:13,0
DA:14,0
DA:20,0
DA:34,0
DA:38,3
LF:11
LH:5
BRDA:13,0,0,0
BRDA:13,0,1,0
BRF:2
BRH:0
end_of_record
TN:
SF:src/modules/bonus/middleware/bonus.middleware.ts
FN:15,checkIfServiceExists
FN:38,checkIfUserHasRedeemedTheServiceBonus
FNF:2
FNH:0
FNDA:0,checkIfServiceExists
FNDA:0,checkIfUserHasRedeemedTheServiceBonus
DA:2,3
DA:3,3
DA:4,3
DA:5,3
DA:6,3
DA:20,0
DA:21,0
DA:25,0
DA:26,0
DA:32,0
DA:34,0
DA:43,0
DA:44,0
DA:48,0
DA:50,0
DA:51,0
DA:57,0
DA:59,0
DA:63,3
LF:19
LH:6
BRDA:25,0,0,0
BRDA:25,0,1,0
BRDA:50,1,0,0
BRDA:50,1,1,0
BRF:4
BRH:0
end_of_record
TN:
SF:src/modules/bonus/route/bonus.route.ts
FN:7,(anonymous_1)
FN:10,(anonymous_2)
FNF:2
FNH:2
FNDA:3,(anonymous_1)
FNDA:3,(anonymous_2)
DA:2,3
DA:3,3
DA:4,3
DA:5,3
DA:8,3
DA:10,3
DA:11,3
DA:21,3
LF:8
LH:8
BRF:0
BRH:0
end_of_record
TN:
SF:src/modules/bonus/service/bonus.service.ts
FN:4,(anonymous_8)
FN:12,(anonymous_10)
FNF:2
FNH:0
FNDA:0,(anonymous_8)
FNDA:0,(anonymous_10)
DA:1,3
DA:5,0
DA:6,0
DA:8,0
DA:16,0
DA:17,0
DA:19,0
DA:23,3
LF:8
LH:2
BRF:0
BRH:0
end_of_record
TN:
SF:src/modules/service/controller/service.controller.ts
FN:7,(anonymous_14)
FN:8,(anonymous_15)
FN:8,(anonymous_16)
FN:41,(anonymous_17)
FN:41,(anonymous_18)
FN:67,(anonymous_19)
FN:67,(anonymous_20)
FNF:7
FNH:1
FNDA:3,(anonymous_14)
FNDA:0,(anonymous_15)
FNDA:0,(anonymous_16)
FNDA:0,(anonymous_17)
FNDA:0,(anonymous_18)
FNDA:0,(anonymous_19)
FNDA:0,(anonymous_20)
DA:2,3
DA:3,3
DA:4,3
DA:5,3
DA:8,3
DA:9,0
DA:10,0
DA:15,0
DA:16,0
DA:22,0
DA:37,0
DA:41,3
DA:42,0
DA:43,0
DA:44,0
DA:45,0
DA:51,0
DA:60,0
DA:67,3
DA:68,0
DA:69,0
DA:70,0
DA:71,0
DA:77,0
DA:83,0
DA:87,3
LF:26
LH:8
BRDA:15,0,0,0
BRDA:15,0,1,0
BRDA:44,1,0,0
BRDA:44,1,1,0
BRDA:70,2,0,0
BRDA:70,2,1,0
BRF:6
BRH:0
end_of_record
TN:
SF:src/modules/service/middleware/service.middleware.ts
FN:13,validateCreateService
FN:29,(anonymous_10)
FNF:2
FNH:0
FNDA:0,validateCreateService
FNDA:0,(anonymous_10)
DA:2,3
DA:3,3
DA:4,3
DA:18,0
DA:22,0
DA:25,0
DA:26,0
DA:29,0
DA:34,0
DA:37,3
LF:10
LH:4
BRDA:25,0,0,0
BRDA:25,0,1,0
BRF:2
BRH:0
end_of_record
TN:
SF:src/modules/service/route/service.route.ts
FN:7,(anonymous_1)
FN:10,(anonymous_2)
FNF:2
FNH:2
FNDA:3,(anonymous_1)
FNDA:3,(anonymous_2)
DA:2,3
DA:3,3
DA:4,3
DA:5,3
DA:8,3
DA:10,3
DA:11,3
DA:18,3
DA:21,3
DA:26,3
LF:10
LH:10
BRF:0
BRH:0
end_of_record
TN:
SF:src/modules/service/service/service.service.ts
FN:7,(anonymous_8)
FN:19,(anonymous_10)
FN:27,(anonymous_12)
FN:38,(anonymous_14)
FNF:4
FNH:0
FNDA:0,(anonymous_8)
FNDA:0,(anonymous_10)
FNDA:0,(anonymous_12)
FNDA:0,(anonymous_14)
DA:1,3
DA:2,3
DA:4,3
DA:12,0
DA:13,0
DA:15,0
DA:20,0
DA:21,0
DA:23,0
DA:28,0
DA:29,0
DA:31,0
DA:39,0
DA:40,0
DA:46,0
DA:50,3
LF:16
LH:4
BRF:0
BRH:0
end_of_record
TN:
SF:src/modules/service/utils/service.helper.ts
FN:4,(anonymous_1)
FNF:1
FNH:0
FNDA:0,(anonymous_1)
DA:1,3
DA:3,3
DA:5,0
DA:9,3
LF:4
LH:3
BRF:0
BRH:0
end_of_record
TN:
SF:src/modules/user/service/user.service.ts
FN:5,(anonymous_8)
FNF:1
FNH:1
FNDA:4,(anonymous_8)
DA:2,3
DA:4,3
DA:6,4
DA:7,4
DA:9,2
LF:5
LH:5
BRF:0
BRH:0
end_of_record
TN:
SF:src/utils/responseHandler.ts
FN:5,(anonymous_0)
FN:9,(anonymous_1)
FN:18,(anonymous_2)
FN:27,(anonymous_3)
FNF:4
FNH:3
FNDA:2,(anonymous_0)
FNDA:9,(anonymous_1)
FNDA:2,(anonymous_2)
FNDA:0,(anonymous_3)
DA:4,3
DA:6,2
DA:15,9
DA:24,2
DA:28,0
LF:5
LH:4
BRDA:21,0,0,0
BRF:1
BRH:0
end_of_record
TN:
SF:src/utils/urls.ts
FNF:0
FNH:0
DA:1,3
DA:2,3
DA:7,3
LF:3
LH:3
BRF:0
BRH:0
end_of_record
TN:
SF:src/utils/status-codes/http-status-codes.ts
FNF:0
FNH:0
DA:1,3
DA:2,3
DA:3,3
DA:4,3
DA:5,3
DA:6,3
DA:7,3
DA:8,3
LF:8
LH:8
BRF:0
BRH:0
end_of_record
